<?xml version="1.0" encoding="UTF-8"?>
<testsuite xmlns:xsi="http://www.w3.org/2001/XMLSchema-instance" xsi:noNamespaceSchemaLocation="https://maven.apache.org/surefire/maven-surefire-plugin/xsd/surefire-test-report.xsd" name="praktikum.UpdateUserDataTest" time="3.67" tests="2" errors="0" skipped="0" failures="0">
  <properties>
[...]
</properties>
  <testcase name="changeDataUserWithAuthorization" classname="praktikum.UpdateUserDataTest" time="2.778"/>
  <testcase name="changeDataUserWithoutAuthorization" classname="praktikum.UpdateUserDataTest" time="0.886"/>
</testsuite>